[ 2026-07-14 20:37:06,709 ] 1025 httpx - INFO - HTTP Request: GET https://dagshub.com/api/v1/user "HTTP/1.1 200 OK"
[ 2026-07-14 20:37:06,737 ] 107 dagshub - INFO - Accessing as akkiyolo
[ 2026-07-14 20:37:07,661 ] 1025 httpx - INFO - HTTP Request: GET https://dagshub.com/api/v1/repos/akkiyolo/networksecurity "HTTP/1.1 200 OK"
[ 2026-07-14 20:37:08,646 ] 1025 httpx - INFO - HTTP Request: GET https://dagshub.com/api/v1/user "HTTP/1.1 200 OK"
[ 2026-07-14 20:37:08,648 ] 107 dagshub - INFO - Initialized MLflow to track repo "akkiyolo/networksecurity"
[ 2026-07-14 20:37:08,649 ] 107 dagshub - INFO - Repository akkiyolo/networksecurity initialized!
[ 2026-07-14 20:37:08,649 ] 18 root - INFO - Initiate the data ingestion
[ 2026-07-14 20:37:17,331 ] 65 root - INFO - Performed train test split on the dataframe
[ 2026-07-14 20:37:17,331 ] 67 root - INFO - Exited split_data_as_train_test method of Data_Ingestion class
[ 2026-07-14 20:37:17,332 ] 75 root - INFO - Exporting train and test file path.
[ 2026-07-14 20:37:17,378 ] 84 root - INFO - Exported train and test file path.
[ 2026-07-14 20:37:17,379 ] 20 root - INFO - Data Initiation Completed
[ 2026-07-14 20:37:17,386 ] 24 root - INFO - Initiate the data validation
[ 2026-07-14 20:37:17,411 ] 32 root - INFO - Required number of columns:2
[ 2026-07-14 20:37:17,411 ] 33 root - INFO - Data frame has columns:31
[ 2026-07-14 20:37:17,411 ] 32 root - INFO - Required number of columns:2
[ 2026-07-14 20:37:17,411 ] 33 root - INFO - Data frame has columns:31
[ 2026-07-14 20:37:17,550 ] 26 root - INFO - data validation completed
[ 2026-07-14 20:37:17,550 ] 70 root - INFO - Starting Data Transformation
[ 2026-07-14 20:37:17,575 ] 53 root - INFO - Initializing KNN Imputer
[ 2026-07-14 20:37:17,589 ] 44 root - INFO - Entered the save_object method of MainUtils class
[ 2026-07-14 20:37:17,592 ] 50 root - INFO - Exited the save_object method of MainUtils class
[ 2026-07-14 20:37:17,592 ] 44 root - INFO - Entered the save_object method of MainUtils class
[ 2026-07-14 20:37:17,595 ] 50 root - INFO - Exited the save_object method of MainUtils class
[ 2026-07-14 20:37:17,596 ] 31 root - INFO - Data Transformation completed successfully.
[ 2026-07-14 20:37:17,596 ] 33 root - INFO - Model tarining started
[ 2026-07-14 20:41:33,264 ] 44 root - INFO - Entered the save_object method of MainUtils class
[ 2026-07-14 20:41:33,264 ] 50 root - INFO - Exited the save_object method of MainUtils class
[ 2026-07-14 20:41:33,264 ] 44 root - INFO - Entered the save_object method of MainUtils class
[ 2026-07-14 20:41:33,307 ] 50 root - INFO - Exited the save_object method of MainUtils class
[ 2026-07-14 20:41:33,308 ] 141 root - INFO - Model trainer artifact: ModelTrainerArtifact(trained_model_file_path='Artifacts\\07_14_2026_20_37_01\\model_trainer\\trained_model\\model.pkl', train_metric_artifact=ClassificationMetricArtifact(f1_score=0.9909054163298302, precision_score=0.9867176494264439, recall_score=0.9951288816724173), test_metric_artifact=ClassificationMetricArtifact(f1_score=0.9755511022044088, precision_score=0.9620553359683794, recall_score=0.989430894308943))
[ 2026-07-14 20:41:33,317 ] 38 root - INFO - Model Training artifact created
